This is pdfTeX, Version 3.14159265-2.6-1.40.21 (TeX Live 2020/Debian) (preloaded format=pdflatex 2021.2.15)  20 FEB 2021 10:51
entering extended mode
 restricted \write18 enabled.
 %&-line parsing enabled.
**Readme.tex
(./Readme.tex
LaTeX2e <2020-02-02> patch level 5
L3 programming layer <2020-07-17>
(/usr/share/texlive/texmf-dist/tex/latex/base/article.cls
Document Class: article 2019/12/20 v1.4l Standard LaTeX document class
(/usr/share/texlive/texmf-dist/tex/latex/base/size10.clo
File: size10.clo 2019/12/20 v1.4l Standard LaTeX file (size option)
)
\c@part=\count168
\c@section=\count169
\c@subsection=\count170
\c@subsubsection=\count171
\c@paragraph=\count172
\c@subparagraph=\count173
\c@figure=\count174
\c@table=\count175
\abovecaptionskip=\skip47
\belowcaptionskip=\skip48
\bibindent=\dimen134
)
(/usr/share/texlive/texmf-dist/tex/latex/amsmath/amsmath.sty
Package: amsmath 2020/01/20 v2.17e AMS math features
\@mathmargin=\skip49

For additional information on amsmath, use the `?' option.
(/usr/share/texlive/texmf-dist/tex/latex/amsmath/amstext.sty
Package: amstext 2000/06/29 v2.01 AMS text

(/usr/share/texlive/texmf-dist/tex/latex/amsmath/amsgen.sty
File: amsgen.sty 1999/11/30 v2.0 generic functions
\@emptytoks=\toks15
\ex@=\dimen135
))
(/usr/share/texlive/texmf-dist/tex/latex/amsmath/amsbsy.sty
Package: amsbsy 1999/11/29 v1.2d Bold Symbols
\pmbraise@=\dimen136
)
(/usr/share/texlive/texmf-dist/tex/latex/amsmath/amsopn.sty
Package: amsopn 2016/03/08 v2.02 operator names
)
\inf@bad=\count176
LaTeX Info: Redefining \frac on input line 227.
\uproot@=\count177
\leftroot@=\count178
LaTeX Info: Redefining \overline on input line 389.
\classnum@=\count179
\DOTSCASE@=\count180
LaTeX Info: Redefining \ldots on input line 486.
LaTeX Info: Redefining \dots on input line 489.
LaTeX Info: Redefining \cdots on input line 610.
\Mathstrutbox@=\box45
\strutbox@=\box46
\big@size=\dimen137
LaTeX Font Info:    Redeclaring font encoding OML on input line 733.
LaTeX Font Info:    Redeclaring font encoding OMS on input line 734.
\macc@depth=\count181
\c@MaxMatrixCols=\count182
\dotsspace@=\muskip16
\c@parentequation=\count183
\dspbrk@lvl=\count184
\tag@help=\toks16
\row@=\count185
\column@=\count186
\maxfields@=\count187
\andhelp@=\toks17
\eqnshift@=\dimen138
\alignsep@=\dimen139
\tagshift@=\dimen140
\tagwidth@=\dimen141
\totwidth@=\dimen142
\lineht@=\dimen143
\@envbody=\toks18
\multlinegap=\skip50
\multlinetaggap=\skip51
\mathdisplay@stack=\toks19
LaTeX Info: Redefining \[ on input line 2859.
LaTeX Info: Redefining \] on input line 2860.
)
(/usr/share/texlive/texmf-dist/tex/latex/amsfonts/amssymb.sty
Package: amssymb 2013/01/14 v3.01 AMS font symbols

(/usr/share/texlive/texmf-dist/tex/latex/amsfonts/amsfonts.sty
Package: amsfonts 2013/01/14 v3.01 Basic AMSFonts support
\symAMSa=\mathgroup4
\symAMSb=\mathgroup5
LaTeX Font Info:    Redeclaring math symbol \hbar on input line 98.
LaTeX Font Info:    Overwriting math alphabet `\mathfrak' in version `bold'
(Font)                  U/euf/m/n --> U/euf/b/n on input line 106.
))
(/usr/share/texmf/tex/latex/lm/lmodern.sty
Package: lmodern 2009/10/30 v1.6 Latin Modern Fonts
LaTeX Font Info:    Overwriting symbol font `operators' in version `normal'
(Font)                  OT1/cmr/m/n --> OT1/lmr/m/n on input line 22.
LaTeX Font Info:    Overwriting symbol font `letters' in version `normal'
(Font)                  OML/cmm/m/it --> OML/lmm/m/it on input line 23.
LaTeX Font Info:    Overwriting symbol font `symbols' in version `normal'
(Font)                  OMS/cmsy/m/n --> OMS/lmsy/m/n on input line 24.
LaTeX Font Info:    Overwriting symbol font `largesymbols' in version `normal'
(Font)                  OMX/cmex/m/n --> OMX/lmex/m/n on input line 25.
LaTeX Font Info:    Overwriting symbol font `operators' in version `bold'
(Font)                  OT1/cmr/bx/n --> OT1/lmr/bx/n on input line 26.
LaTeX Font Info:    Overwriting symbol font `letters' in version `bold'
(Font)                  OML/cmm/b/it --> OML/lmm/b/it on input line 27.
LaTeX Font Info:    Overwriting symbol font `symbols' in version `bold'
(Font)                  OMS/cmsy/b/n --> OMS/lmsy/b/n on input line 28.
LaTeX Font Info:    Overwriting symbol font `largesymbols' in version `bold'
(Font)                  OMX/cmex/m/n --> OMX/lmex/m/n on input line 29.
LaTeX Font Info:    Overwriting math alphabet `\mathbf' in version `normal'
(Font)                  OT1/cmr/bx/n --> OT1/lmr/bx/n on input line 31.
LaTeX Font Info:    Overwriting math alphabet `\mathsf' in version `normal'
(Font)                  OT1/cmss/m/n --> OT1/lmss/m/n on input line 32.
LaTeX Font Info:    Overwriting math alphabet `\mathit' in version `normal'
(Font)                  OT1/cmr/m/it --> OT1/lmr/m/it on input line 33.
LaTeX Font Info:    Overwriting math alphabet `\mathtt' in version `normal'
(Font)                  OT1/cmtt/m/n --> OT1/lmtt/m/n on input line 34.
LaTeX Font Info:    Overwriting math alphabet `\mathbf' in version `bold'
(Font)                  OT1/cmr/bx/n --> OT1/lmr/bx/n on input line 35.
LaTeX Font Info:    Overwriting math alphabet `\mathsf' in version `bold'
(Font)                  OT1/cmss/bx/n --> OT1/lmss/bx/n on input line 36.
LaTeX Font Info:    Overwriting math alphabet `\mathit' in version `bold'
(Font)                  OT1/cmr/bx/it --> OT1/lmr/bx/it on input line 37.
LaTeX Font Info:    Overwriting math alphabet `\mathtt' in version `bold'
(Font)                  OT1/cmtt/m/n --> OT1/lmtt/m/n on input line 38.
)
(/usr/share/texlive/texmf-dist/tex/latex/float/float.sty
Package: float 2001/11/08 v1.3d Float enhancements (AL)
\c@float@type=\count188
\float@exts=\toks20
\float@box=\box47
\@float@everytoks=\toks21
\@floatcapt=\box48
)
(/usr/share/texlive/texmf-dist/tex/generic/iftex/ifxetex.sty
Package: ifxetex 2019/10/25 v0.7 ifxetex legacy package. Use iftex instead.

(/usr/share/texlive/texmf-dist/tex/generic/iftex/iftex.sty
Package: iftex 2020/03/06 v1.0d TeX engine tests
))
(/usr/share/texlive/texmf-dist/tex/generic/iftex/ifluatex.sty
Package: ifluatex 2019/10/25 v1.5 ifluatex legacy package. Use iftex instead.
)
(/usr/share/texlive/texmf-dist/tex/latex/xcolor/xcolor.sty
Package: xcolor 2016/05/11 v2.12 LaTeX color extensions (UK)

(/usr/share/texlive/texmf-dist/tex/latex/graphics-cfg/color.cfg
File: color.cfg 2016/01/02 v1.6 sample color configuration
)
Package xcolor Info: Driver file: pdftex.def on input line 225.

(/usr/share/texlive/texmf-dist/tex/latex/graphics-def/pdftex.def
File: pdftex.def 2018/01/08 v1.0l Graphics/color driver for pdftex
)
Package xcolor Info: Model `cmy' substituted by `cmy0' on input line 1348.
Package xcolor Info: Model `hsb' substituted by `rgb' on input line 1352.
Package xcolor Info: Model `RGB' extended on input line 1364.
Package xcolor Info: Model `HTML' substituted by `rgb' on input line 1366.
Package xcolor Info: Model `Hsb' substituted by `hsb' on input line 1367.
Package xcolor Info: Model `tHsb' substituted by `hsb' on input line 1368.
Package xcolor Info: Model `HSB' substituted by `hsb' on input line 1369.
Package xcolor Info: Model `Gray' substituted by `gray' on input line 1370.
Package xcolor Info: Model `wave' substituted by `hsb' on input line 1371.
)
(/usr/share/texlive/texmf-dist/tex/latex/listings/listings.sty
(/usr/share/texlive/texmf-dist/tex/latex/graphics/keyval.sty
Package: keyval 2014/10/28 v1.15 key=value parser (DPC)
\KV@toks@=\toks22
)
\lst@mode=\count189
\lst@gtempboxa=\box49
\lst@token=\toks23
\lst@length=\count190
\lst@currlwidth=\dimen144
\lst@column=\count191
\lst@pos=\count192
\lst@lostspace=\dimen145
\lst@width=\dimen146
\lst@newlines=\count193
\lst@lineno=\count194
\lst@maxwidth=\dimen147

(/usr/share/texlive/texmf-dist/tex/latex/listings/lstmisc.sty
File: lstmisc.sty 2020/03/24 1.8d (Carsten Heinz)
\c@lstnumber=\count195
\lst@skipnumbers=\count196
\lst@framebox=\box50
)
(/usr/share/texlive/texmf-dist/tex/latex/listings/listings.cfg
File: listings.cfg 2020/03/24 1.8d listings configuration
))
Package: listings 2020/03/24 1.8d (Carsten Heinz)

(/usr/share/texlive/texmf-dist/tex/latex/base/fontenc.sty
Package: fontenc 2020/02/11 v2.0o Standard LaTeX package
LaTeX Font Info:    Trying to load font information for T1+lmr on input line 11
2.

(/usr/share/texmf/tex/latex/lm/t1lmr.fd
File: t1lmr.fd 2009/10/30 v1.6 Font defs for Latin Modern
))
(/usr/share/texlive/texmf-dist/tex/latex/base/inputenc.sty
Package: inputenc 2018/08/11 v1.3c Input encoding file
\inpenc@prehook=\toks24
\inpenc@posthook=\toks25
)
(/usr/share/texlive/texmf-dist/tex/latex/base/textcomp.sty
Package: textcomp 2020/02/02 v2.0n Standard LaTeX package
)
(/usr/share/texlive/texmf-dist/tex/latex/microtype/microtype.sty
Package: microtype 2019/11/18 v2.7d Micro-typographical refinements (RS)
\MT@toks=\toks26
\MT@count=\count197
LaTeX Info: Redefining \textls on input line 790.
\MT@outer@kern=\dimen148
LaTeX Info: Redefining \textmicrotypecontext on input line 1354.
\MT@listname@count=\count198

(/usr/share/texlive/texmf-dist/tex/latex/microtype/microtype-pdftex.def
File: microtype-pdftex.def 2019/11/18 v2.7d Definitions specific to pdftex (RS)

LaTeX Info: Redefining \lsstyle on input line 914.
LaTeX Info: Redefining \lslig on input line 914.
\MT@outer@space=\skip52
)
Package microtype Info: Loading configuration file microtype.cfg.

(/usr/share/texlive/texmf-dist/tex/latex/microtype/microtype.cfg
File: microtype.cfg 2019/11/18 v2.7d microtype main configuration file (RS)
))
(/usr/share/texlive/texmf-dist/tex/latex/parskip/parskip.sty
Package: parskip 2020-06-15 v2.0f non-zero parskip adjustments

(/usr/share/texlive/texmf-dist/tex/latex/kvoptions/kvoptions.sty
Package: kvoptions 2019/11/29 v3.13 Key value format for package options (HO)

(/usr/share/texlive/texmf-dist/tex/generic/ltxcmds/ltxcmds.sty
Package: ltxcmds 2019/12/15 v1.24 LaTeX kernel commands for general use (HO)
)
(/usr/share/texlive/texmf-dist/tex/generic/kvsetkeys/kvsetkeys.sty
Package: kvsetkeys 2019/12/15 v1.18 Key value parser (HO)
))
(/usr/share/texlive/texmf-dist/tex/latex/etoolbox/etoolbox.sty
Package: etoolbox 2020/07/15 v2.5i e-TeX tools for LaTeX (JAW)
\etb@tempcnta=\count199
))
(/usr/share/texlive/texmf-dist/tex/latex/bookmark/bookmark.sty
Package: bookmark 2019/12/03 v1.28 PDF bookmarks (HO)

(/usr/share/texlive/texmf-dist/tex/latex/hyperref/hyperref.sty
Package: hyperref 2020-05-15 v7.00e Hypertext links for LaTeX

(/usr/share/texlive/texmf-dist/tex/generic/pdftexcmds/pdftexcmds.sty
Package: pdftexcmds 2020-06-27 v0.33 Utility functions of pdfTeX for LuaTeX (HO
)

(/usr/share/texlive/texmf-dist/tex/generic/infwarerr/infwarerr.sty
Package: infwarerr 2019/12/03 v1.5 Providing info/warning/error messages (HO)
)
Package pdftexcmds Info: \pdf@primitive is available.
Package pdftexcmds Info: \pdf@ifprimitive is available.
Package pdftexcmds Info: \pdfdraftmode found.
)
(/usr/share/texlive/texmf-dist/tex/generic/kvdefinekeys/kvdefinekeys.sty
Package: kvdefinekeys 2019-12-19 v1.6 Define keys (HO)
)
(/usr/share/texlive/texmf-dist/tex/generic/pdfescape/pdfescape.sty
Package: pdfescape 2019/12/09 v1.15 Implements pdfTeX's escape features (HO)
)
(/usr/share/texlive/texmf-dist/tex/latex/hycolor/hycolor.sty
Package: hycolor 2020-01-27 v1.10 Color options for hyperref/bookmark (HO)
)
(/usr/share/texlive/texmf-dist/tex/latex/letltxmacro/letltxmacro.sty
Package: letltxmacro 2019/12/03 v1.6 Let assignment for LaTeX macros (HO)
)
(/usr/share/texlive/texmf-dist/tex/latex/auxhook/auxhook.sty
Package: auxhook 2019-12-17 v1.6 Hooks for auxiliary files (HO)
)
\@linkdim=\dimen149
\Hy@linkcounter=\count266
\Hy@pagecounter=\count267

(/usr/share/texlive/texmf-dist/tex/latex/hyperref/pd1enc.def
File: pd1enc.def 2020-05-15 v7.00e Hyperref: PDFDocEncoding definition (HO)
Now handling font encoding PD1 ...
... no UTF-8 mapping file for font encoding PD1
)
(/usr/share/texlive/texmf-dist/tex/generic/intcalc/intcalc.sty
Package: intcalc 2019/12/15 v1.3 Expandable calculations with integers (HO)
)
(/usr/share/texlive/texmf-dist/tex/generic/etexcmds/etexcmds.sty
Package: etexcmds 2019/12/15 v1.7 Avoid name clashes with e-TeX commands (HO)
)
\Hy@SavedSpaceFactor=\count268
Package hyperref Info: Option `unicode' set `true' on input line 4338.

(/usr/share/texlive/texmf-dist/tex/latex/hyperref/puenc.def
File: puenc.def 2020-05-15 v7.00e Hyperref: PDF Unicode definition (HO)
Now handling font encoding PU ...
... no UTF-8 mapping file for font encoding PU
)
Package hyperref Info: Hyper figures OFF on input line 4464.
Package hyperref Info: Link nesting OFF on input line 4469.
Package hyperref Info: Hyper index ON on input line 4472.
Package hyperref Info: Plain pages OFF on input line 4479.
Package hyperref Info: Backreferencing OFF on input line 4484.
Package hyperref Info: Implicit mode ON; LaTeX internals redefined.
Package hyperref Info: Bookmarks ON on input line 4717.
\c@Hy@tempcnt=\count269

(/usr/share/texlive/texmf-dist/tex/latex/url/url.sty
\Urlmuskip=\muskip17
Package: url 2013/09/16  ver 3.4  Verb mode for urls, etc.
)
LaTeX Info: Redefining \url on input line 5076.
\XeTeXLinkMargin=\dimen150

(/usr/share/texlive/texmf-dist/tex/generic/bitset/bitset.sty
Package: bitset 2019/12/09 v1.3 Handle bit-vector datatype (HO)

(/usr/share/texlive/texmf-dist/tex/generic/bigintcalc/bigintcalc.sty
Package: bigintcalc 2019/12/15 v1.5 Expandable calculations on big integers (HO
)
))
\Fld@menulength=\count270
\Field@Width=\dimen151
\Fld@charsize=\dimen152
Package hyperref Info: Hyper figures OFF on input line 6347.
Package hyperref Info: Link nesting OFF on input line 6352.
Package hyperref Info: Hyper index ON on input line 6355.
Package hyperref Info: backreferencing OFF on input line 6362.
Package hyperref Info: Link coloring OFF on input line 6367.
Package hyperref Info: Link coloring with OCG OFF on input line 6372.
Package hyperref Info: PDF/A mode OFF on input line 6377.
LaTeX Info: Redefining \ref on input line 6417.
LaTeX Info: Redefining \pageref on input line 6421.

(/usr/share/texlive/texmf-dist/tex/generic/atbegshi/atbegshi.sty
Package: atbegshi 2019/12/05 v1.19 At begin shipout hook (HO)
)
\Hy@abspage=\count271
\c@Item=\count272
\c@Hfootnote=\count273
)
Package hyperref Info: Driver (autodetected): hpdftex.

(/usr/share/texlive/texmf-dist/tex/latex/hyperref/hpdftex.def
File: hpdftex.def 2020-05-15 v7.00e Hyperref driver for pdfTeX

(/usr/share/texlive/texmf-dist/tex/latex/atveryend/atveryend.sty
Package: atveryend 2019-12-11 v1.11 Hooks at the very end of document (HO)
)
\Fld@listcount=\count274
\c@bookmark@seq@number=\count275

(/usr/share/texlive/texmf-dist/tex/latex/rerunfilecheck/rerunfilecheck.sty
Package: rerunfilecheck 2019/12/05 v1.9 Rerun checks for auxiliary files (HO)

(/usr/share/texlive/texmf-dist/tex/generic/uniquecounter/uniquecounter.sty
Package: uniquecounter 2019/12/15 v1.4 Provide unlimited unique counter (HO)
)
Package uniquecounter Info: New unique counter `rerunfilecheck' on input line 2
86.
)
\Hy@SectionHShift=\skip53
)
(/usr/share/texlive/texmf-dist/tex/latex/bookmark/bkm-pdftex.def
File: bkm-pdftex.def 2019/12/03 v1.28 bookmark driver for pdfTeX (HO)
\BKM@id=\count276
))
(/usr/share/texlive/texmf-dist/tex/latex/fancyvrb/fancyvrb.sty
Package: fancyvrb 2020/05/03 v3.6 verbatim text (tvz,hv)
\FV@CodeLineNo=\count277
\FV@InFile=\read2
\FV@TabBox=\box51
\c@FancyVerbLine=\count278
\FV@StepNumber=\count279
\FV@OutFile=\write3
)
(/usr/share/texlive/texmf-dist/tex/latex/graphics/graphicx.sty
Package: graphicx 2019/11/30 v1.2a Enhanced LaTeX Graphics (DPC,SPQR)

(/usr/share/texlive/texmf-dist/tex/latex/graphics/graphics.sty
Package: graphics 2019/11/30 v1.4a Standard LaTeX Graphics (DPC,SPQR)

(/usr/share/texlive/texmf-dist/tex/latex/graphics/trig.sty
Package: trig 2016/01/03 v1.10 sin cos tan (DPC)
)
(/usr/share/texlive/texmf-dist/tex/latex/graphics-cfg/graphics.cfg
File: graphics.cfg 2016/06/04 v1.11 sample graphics configuration
)
Package graphics Info: Driver file: pdftex.def on input line 105.
)
\Gin@req@height=\dimen153
\Gin@req@width=\dimen154
)
(/usr/share/texlive/texmf-dist/tex/latex/l3backend/l3backend-pdfmode.def
File: l3backend-pdfmode.def 2020-06-29 L3 backend support: PDF mode
\l__kernel_color_stack_int=\count280
\l__pdf_internal_box=\box52
)
(./Readme.aux)
\openout1 = `Readme.aux'.

LaTeX Font Info:    Checking defaults for OML/cmm/m/it on input line 136.
LaTeX Font Info:    ... okay on input line 136.
LaTeX Font Info:    Checking defaults for OMS/cmsy/m/n on input line 136.
LaTeX Font Info:    ... okay on input line 136.
LaTeX Font Info:    Checking defaults for OT1/cmr/m/n on input line 136.
LaTeX Font Info:    ... okay on input line 136.
LaTeX Font Info:    Checking defaults for T1/cmr/m/n on input line 136.
LaTeX Font Info:    ... okay on input line 136.
LaTeX Font Info:    Checking defaults for TS1/cmr/m/n on input line 136.
LaTeX Font Info:    ... okay on input line 136.
LaTeX Font Info:    Checking defaults for OMX/cmex/m/n on input line 136.
LaTeX Font Info:    ... okay on input line 136.
LaTeX Font Info:    Checking defaults for U/cmr/m/n on input line 136.
LaTeX Font Info:    ... okay on input line 136.
LaTeX Font Info:    Checking defaults for PD1/pdf/m/n on input line 136.
LaTeX Font Info:    ... okay on input line 136.
LaTeX Font Info:    Checking defaults for PU/pdf/m/n on input line 136.
LaTeX Font Info:    ... okay on input line 136.

(/usr/share/texlive/texmf-dist/tex/context/base/mkii/supp-pdf.mkii
[Loading MPS to PDF converter (version 2006.09.02).]
\scratchcounter=\count281
\scratchdimen=\dimen155
\scratchbox=\box53
\nofMPsegments=\count282
\nofMParguments=\count283
\everyMPshowfont=\toks27
\MPscratchCnt=\count284
\MPscratchDim=\dimen156
\MPnumerator=\count285
\makeMPintoPDFobject=\count286
\everyMPtoPDFconversion=\toks28
) (/usr/share/texlive/texmf-dist/tex/latex/epstopdf-pkg/epstopdf-base.sty
Package: epstopdf-base 2020-01-24 v2.11 Base part for package epstopdf
Package epstopdf-base Info: Redefining graphics rule for `.eps' on input line 4
85.

(/usr/share/texlive/texmf-dist/tex/latex/latexconfig/epstopdf-sys.cfg
File: epstopdf-sys.cfg 2010/07/13 v1.3 Configuration of (r)epstopdf for TeX Liv
e
))
\c@lstlisting=\count287
LaTeX Info: Redefining \microtypecontext on input line 136.
Package microtype Info: Generating PDF output.
Package microtype Info: Character protrusion enabled (level 2).
Package microtype Info: Using protrusion set `basicmath'.
Package microtype Info: Automatic font expansion enabled (level 2),
(microtype)             stretch: 20, shrink: 20, step: 1, non-selected.
Package microtype Info: Using default expansion set `basictext'.
LaTeX Info: Redefining \showhyphens on input line 136.
Package microtype Info: No adjustment of tracking.
Package microtype Info: No adjustment of interword spacing.
Package microtype Info: No adjustment of character kerning.

(/usr/share/texlive/texmf-dist/tex/latex/microtype/mt-cmr.cfg
File: mt-cmr.cfg 2013/05/19 v2.2 microtype config. file: Computer Modern Roman 
(RS)
)
\AtBeginShipoutBox=\box54
Package hyperref Info: Link coloring OFF on input line 136.

(/usr/share/texlive/texmf-dist/tex/latex/hyperref/nameref.sty
Package: nameref 2019/09/16 v2.46 Cross-referencing by name of section

(/usr/share/texlive/texmf-dist/tex/latex/refcount/refcount.sty
Package: refcount 2019/12/15 v3.6 Data extraction from label references (HO)
)
(/usr/share/texlive/texmf-dist/tex/generic/gettitlestring/gettitlestring.sty
Package: gettitlestring 2019/12/15 v1.6 Cleanup title references (HO)
)
\c@section@level=\count288
)
LaTeX Info: Redefining \ref on input line 136.
LaTeX Info: Redefining \pageref on input line 136.
LaTeX Info: Redefining \nameref on input line 136.
LaTeX Font Info:    Trying to load font information for OT1+lmr on input line 1
42.

(/usr/share/texmf/tex/latex/lm/ot1lmr.fd
File: ot1lmr.fd 2009/10/30 v1.6 Font defs for Latin Modern
)
LaTeX Font Info:    Trying to load font information for OML+lmm on input line 1
42.

(/usr/share/texmf/tex/latex/lm/omllmm.fd
File: omllmm.fd 2009/10/30 v1.6 Font defs for Latin Modern
)
LaTeX Font Info:    Trying to load font information for OMS+lmsy on input line 
142.

(/usr/share/texmf/tex/latex/lm/omslmsy.fd
File: omslmsy.fd 2009/10/30 v1.6 Font defs for Latin Modern
)
LaTeX Font Info:    Trying to load font information for OMX+lmex on input line 
142.

(/usr/share/texmf/tex/latex/lm/omxlmex.fd
File: omxlmex.fd 2009/10/30 v1.6 Font defs for Latin Modern
)
LaTeX Font Info:    External font `lmex10' loaded for size
(Font)              <12> on input line 142.
LaTeX Font Info:    External font `lmex10' loaded for size
(Font)              <8> on input line 142.
LaTeX Font Info:    External font `lmex10' loaded for size
(Font)              <6> on input line 142.
LaTeX Font Info:    Trying to load font information for U+msa on input line 142
.

(/usr/share/texlive/texmf-dist/tex/latex/amsfonts/umsa.fd
File: umsa.fd 2013/01/14 v3.01 AMS symbols A
)
(/usr/share/texlive/texmf-dist/tex/latex/microtype/mt-msa.cfg
File: mt-msa.cfg 2006/02/04 v1.1 microtype config. file: AMS symbols (a) (RS)
)
LaTeX Font Info:    Trying to load font information for U+msb on input line 142
.

(/usr/share/texlive/texmf-dist/tex/latex/amsfonts/umsb.fd
File: umsb.fd 2013/01/14 v3.01 AMS symbols B
)
(/usr/share/texlive/texmf-dist/tex/latex/microtype/mt-msb.cfg
File: mt-msb.cfg 2005/06/01 v1.0 microtype config. file: AMS symbols (b) (RS)
) (./Readme.toc
LaTeX Font Info:    External font `lmex10' loaded for size
(Font)              <10> on input line 5.
LaTeX Font Info:    External font `lmex10' loaded for size
(Font)              <7> on input line 5.
LaTeX Font Info:    External font `lmex10' loaded for size
(Font)              <5> on input line 5.
)
\tf@toc=\write4
\openout4 = `Readme.toc'.


[1

{/var/lib/texmf/fonts/map/pdftex/updmap/pdftex.map}] [2

] [3]
</home/manu/Documents/MASTER/ICP/Trabajo-Final/Trabajo/docs/diagrams/Deployment
_lambda_functions.png, id=69, 740.7675pt x 470.75874pt>
File: /home/manu/Documents/MASTER/ICP/Trabajo-Final/Trabajo/docs/diagrams/Deplo
yment_lambda_functions.png Graphic file (type png)
<use /home/manu/Documents/MASTER/ICP/Trabajo-Final/Trabajo/docs/diagrams/Deploy
ment_lambda_functions.png>
Package pdftex.def Info: /home/manu/Documents/MASTER/ICP/Trabajo-Final/Trabajo/
docs/diagrams/Deployment_lambda_functions.png  used on input line 246.
(pdftex.def)             Requested size: 345.00719pt x 219.25253pt.
LaTeX Font Info:    Trying to load font information for T1+lmtt on input line 2
51.

(/usr/share/texmf/tex/latex/lm/t1lmtt.fd
File: t1lmtt.fd 2009/10/30 v1.6 Font defs for Latin Modern
) [4 </home/manu/Documents/MASTER/ICP/Trabajo-Final/Trabajo/docs/diagrams/Deplo
yment_lambda_functions.png>]
LaTeX Font Info:    Trying to load font information for TS1+lmr on input line 2
78.

(/usr/share/texmf/tex/latex/lm/ts1lmr.fd
File: ts1lmr.fd 2009/10/30 v1.6 Font defs for Latin Modern
)
Underfull \hbox (badness 10000) in paragraph at lines 305--313

 []


Underfull \hbox (badness 10000) in paragraph at lines 330--335

 []

[5]
</home/manu/Documents/MASTER/ICP/Trabajo-Final/Trabajo/docs/imgs/result_html_s3
.png, id=94, 728.7225pt x 795.97375pt>
File: /home/manu/Documents/MASTER/ICP/Trabajo-Final/Trabajo/docs/imgs/result_ht
ml_s3.png Graphic file (type png)
<use /home/manu/Documents/MASTER/ICP/Trabajo-Final/Trabajo/docs/imgs/result_htm
l_s3.png>
Package pdftex.def Info: /home/manu/Documents/MASTER/ICP/Trabajo-Final/Trabajo/
docs/imgs/result_html_s3.png  used on input line 359.
(pdftex.def)             Requested size: 206.99866pt x 226.10185pt.

Underfull \hbox (badness 10000) in paragraph at lines 365--372

 []

[6 </home/manu/Documents/MASTER/ICP/Trabajo-Final/Trabajo/docs/imgs/result_html
_s3.png>]
Underfull \hbox (badness 10000) in paragraph at lines 396--401

 []

</home/manu/Documents/MASTER/ICP/Trabajo-Final/Trabajo/docs/imgs/static_web_pag
e_results.png, id=109, 703.62875pt x 424.58624pt>
File: /home/manu/Documents/MASTER/ICP/Trabajo-Final/Trabajo/docs/imgs/static_we
b_page_results.png Graphic file (type png)
<use /home/manu/Documents/MASTER/ICP/Trabajo-Final/Trabajo/docs/imgs/static_web
_page_results.png>
Package pdftex.def Info: /home/manu/Documents/MASTER/ICP/Trabajo-Final/Trabajo/
docs/imgs/static_web_page_results.png  used on input line 425.
(pdftex.def)             Requested size: 206.99965pt x 124.90848pt.

Underfull \hbox (badness 10000) in paragraph at lines 431--439

 []

[7 </home/manu/Documents/MASTER/ICP/Trabajo-Final/Trabajo/docs/imgs/static_web_
page_results.png>]
Underfull \hbox (badness 10000) in paragraph at lines 456--462

 []

[8]
</home/manu/Documents/MASTER/ICP/Trabajo-Final/Trabajo/docs/imgs/uml_classes.pn
g, id=138, 808.01875pt x 635.37375pt>
File: /home/manu/Documents/MASTER/ICP/Trabajo-Final/Trabajo/docs/imgs/uml_class
es.png Graphic file (type png)
<use /home/manu/Documents/MASTER/ICP/Trabajo-Final/Trabajo/docs/imgs/uml_classe
s.png>
Package pdftex.def Info: /home/manu/Documents/MASTER/ICP/Trabajo-Final/Trabajo/
docs/imgs/uml_classes.png  used on input line 562.
(pdftex.def)             Requested size: 310.50253pt x 244.15913pt.
 [9]
Underfull \hbox (badness 1609) in paragraph at lines 573--576
[]\T1/lmr/bx/n/10 SettingsAlucloud31 \T1/lmr/m/n/10 (+20) lo-cal-izada en el fi
chero \T1/lmtt/m/n/10 studentSettings.py
 []


Underfull \hbox (badness 10000) in paragraph at lines 579--586

 []


Underfull \hbox (badness 1484) in paragraph at lines 579--586
\T1/lmr/bx/n/10 SettingsAlucloud31\T1/lmr/m/n/10 (+20) , con-tiene la con-fig-u
-ración con to-dos los nom-bres
 []

(/usr/share/texlive/texmf-dist/tex/latex/listings/lstlang1.sty
File: lstlang1.sty 2020/03/24 1.8d listings language file
) [10 </home/manu/Documents/MASTER/ICP/Trabajo-Final/Trabajo/docs/imgs/uml_clas
ses.png>]
(/usr/share/texlive/texmf-dist/tex/latex/listings/lstlang1.sty
File: lstlang1.sty 2020/03/24 1.8d listings language file
)
(/usr/share/texlive/texmf-dist/tex/latex/listings/lstlang1.sty
File: lstlang1.sty 2020/03/24 1.8d listings language file
) [11] [12]
</home/manu/Documents/MASTER/ICP/Trabajo-Final/Trabajo/docs/imgs/lambda_markdow
n_with_trigger.png, id=241, 1669.23625pt x 515.9275pt>
File: /home/manu/Documents/MASTER/ICP/Trabajo-Final/Trabajo/docs/imgs/lambda_ma
rkdown_with_trigger.png Graphic file (type png)
<use /home/manu/Documents/MASTER/ICP/Trabajo-Final/Trabajo/docs/imgs/lambda_mar
kdown_with_trigger.png>
Package pdftex.def Info: /home/manu/Documents/MASTER/ICP/Trabajo-Final/Trabajo/
docs/imgs/lambda_markdown_with_trigger.png  used on input line 731.
(pdftex.def)             Requested size: 344.9974pt x 106.63177pt.
</home/manu/Documents/MASTER/ICP/Trabajo-Final/Trabajo/docs/imgs/lambda_check_w
ithouth_trigger.png, id=242, 1667.22874pt x 456.70625pt>
File: /home/manu/Documents/MASTER/ICP/Trabajo-Final/Trabajo/docs/imgs/lambda_ch
eck_withouth_trigger.png Graphic file (type png)
<use /home/manu/Documents/MASTER/ICP/Trabajo-Final/Trabajo/docs/imgs/lambda_che
ck_withouth_trigger.png>
Package pdftex.def Info: /home/manu/Documents/MASTER/ICP/Trabajo-Final/Trabajo/
docs/imgs/lambda_check_withouth_trigger.png  used on input line 737.
(pdftex.def)             Requested size: 344.98952pt x 94.50345pt.
</home/manu/Documents/MASTER/ICP/Trabajo-Final/Trabajo/docs/imgs/lambda_html_wi
th_trigger.png, id=243, 1508.63625pt x 635.37375pt>
File: /home/manu/Documents/MASTER/ICP/Trabajo-Final/Trabajo/docs/imgs/lambda_ht
ml_with_trigger.png Graphic file (type png)
<use /home/manu/Documents/MASTER/ICP/Trabajo-Final/Trabajo/docs/imgs/lambda_htm
l_with_trigger.png>
Package pdftex.def Info: /home/manu/Documents/MASTER/ICP/Trabajo-Final/Trabajo/
docs/imgs/lambda_html_with_trigger.png  used on input line 743.
(pdftex.def)             Requested size: 344.99933pt x 145.29912pt.

[13 </home/manu/Documents/MASTER/ICP/Trabajo-Final/Trabajo/docs/imgs/lambda_mar
kdown_with_trigger.png> </home/manu/Documents/MASTER/ICP/Trabajo-Final/Trabajo/
docs/imgs/lambda_check_withouth_trigger.png>] [14 </home/manu/Documents/MASTER/
ICP/Trabajo-Final/Trabajo/docs/imgs/lambda_html_with_trigger.png>]
</home/manu/Documents/MASTER/ICP/Trabajo-Final/Trabajo/docs/imgs/4_functions_la
mbda_deploy_test.png, id=288, 1593.955pt x 626.34pt>
File: /home/manu/Documents/MASTER/ICP/Trabajo-Final/Trabajo/docs/imgs/4_functio
ns_lambda_deploy_test.png Graphic file (type png)
<use /home/manu/Documents/MASTER/ICP/Trabajo-Final/Trabajo/docs/imgs/4_function
s_lambda_deploy_test.png>
Package pdftex.def Info: /home/manu/Documents/MASTER/ICP/Trabajo-Final/Trabajo/
docs/imgs/4_functions_lambda_deploy_test.png  used on input line 796.
(pdftex.def)             Requested size: 344.97989pt x 135.55884pt.
</home/manu/Documents/MASTER/ICP/Trabajo-Final/Trabajo/docs/imgs/execution_resu
lt_markdown.png, id=289, 911.405pt x 311.1625pt>
File: /home/manu/Documents/MASTER/ICP/Trabajo-Final/Trabajo/docs/imgs/execution
_result_markdown.png Graphic file (type png)
<use /home/manu/Documents/MASTER/ICP/Trabajo-Final/Trabajo/docs/imgs/execution_
result_markdown.png>
Package pdftex.def Info: /home/manu/Documents/MASTER/ICP/Trabajo-Final/Trabajo/
docs/imgs/execution_result_markdown.png  used on input line 804.
(pdftex.def)             Requested size: 345.00243pt x 117.78717pt.
 [15 </home/manu/Documents/MASTER/ICP/Trabajo-Final/Trabajo/docs/imgs/4_functio
ns_lambda_deploy_test.png> </home/manu/Documents/MASTER/ICP/Trabajo-Final/Traba
jo/docs/imgs/execution_result_markdown.png>]
</home/manu/Documents/MASTER/ICP/Trabajo-Final/Trabajo/docs/imgs/cloudwatch_eve
nts_of_lambda_markdown.png, id=304, 1499.6025pt x 630.355pt>
File: /home/manu/Documents/MASTER/ICP/Trabajo-Final/Trabajo/docs/imgs/cloudwatc
h_events_of_lambda_markdown.png Graphic file (type png)
<use /home/manu/Documents/MASTER/ICP/Trabajo-Final/Trabajo/docs/imgs/cloudwatch
_events_of_lambda_markdown.png>
Package pdftex.def Info: /home/manu/Documents/MASTER/ICP/Trabajo-Final/Trabajo/
docs/imgs/cloudwatch_events_of_lambda_markdown.png  used on input line 853.
(pdftex.def)             Requested size: 344.99284pt x 145.01707pt.
 [16]
Underfull \hbox (badness 1661) in paragraph at lines 857--862
[]\T1/lmr/m/n/10 (+20) Si son ob-ser-va-dos de-tal-lada-mente los logs, la fun-
ción \T1/lmr/bx/n/10 lambda-check-
 []

[17 </home/manu/Documents/MASTER/ICP/Trabajo-Final/Trabajo/docs/imgs/cloudwatch
_events_of_lambda_markdown.png>]
</home/manu/Documents/MASTER/ICP/Trabajo-Final/Trabajo/docs/imgs/result_s3.png,
 id=355, 803.0pt x 598.235pt>
File: /home/manu/Documents/MASTER/ICP/Trabajo-Final/Trabajo/docs/imgs/result_s3
.png Graphic file (type png)
<use /home/manu/Documents/MASTER/ICP/Trabajo-Final/Trabajo/docs/imgs/result_s3.
png>
Package pdftex.def Info: /home/manu/Documents/MASTER/ICP/Trabajo-Final/Trabajo/
docs/imgs/result_s3.png  used on input line 904.
(pdftex.def)             Requested size: 276.00607pt x 205.62451pt.
 [18 </home/manu/Documents/MASTER/ICP/Trabajo-Final/Trabajo/docs/imgs/result_s3
.png>] [19]
Underfull \hbox (badness 10000) in paragraph at lines 947--952

 []


Underfull \hbox (badness 2318) in paragraph at lines 947--952
\T1/lmr/m/n/10 (+20) Esta Fun-ción "lambda maes-tra" hace ref-er-en-cia a la fu
n-ción lambda
 []


Underfull \hbox (badness 10000) in paragraph at lines 947--952

 []


Underfull \hbox (badness 10000) in paragraph at lines 955--961

 []


Underfull \hbox (badness 10000) in paragraph at lines 962--967

 []


Underfull \hbox (badness 10000) in paragraph at lines 962--967

 []


Underfull \hbox (badness 10000) in paragraph at lines 973--977

 []


Underfull \hbox (badness 10000) in paragraph at lines 973--977

 []


Underfull \hbox (badness 10000) in paragraph at lines 980--984

 []


Underfull \hbox (badness 10000) in paragraph at lines 980--984

 []


Underfull \hbox (badness 10000) in paragraph at lines 991--993

 []

[20]
Underfull \hbox (badness 10000) in paragraph at lines 1037--1039

 []


Underfull \hbox (badness 10000) in paragraph at lines 1090--1092

 []

[21]
Package atveryend Info: Empty hook `BeforeClearDocument' on input line 1158.
 [22]
Package atveryend Info: Empty hook `AfterLastShipout' on input line 1158.
 (./Readme.aux)
Package atveryend Info: Executing hook `AtVeryEndDocument' on input line 1158.
Package atveryend Info: Empty hook `AtEndAfterFileList' on input line 1158.


LaTeX Warning: Label(s) may have changed. Rerun to get cross-references right.

 ) 
Here is how much of TeX's memory you used:
 15498 strings out of 482854
 226074 string characters out of 5956881
 816080 words of memory out of 5000000
 30081 multiletter control sequences out of 15000+600000
 603504 words of font info for 134 fonts, out of 8000000 for 9000
 14 hyphenation exceptions out of 8191
 50i,8n,48p,805b,2118s stack positions out of 5000i,500n,10000p,200000b,80000s
pdfTeX warning (dest): name{1} has been referenced but does not exist, replac
ed by a fixed one

{/usr/share/texmf/fonts/enc/dvips/lm/lm-ec.enc}{/usr/share/texmf/fonts/enc/dvip
s/lm/lm-ts1.enc}</usr/share/texmf/fonts/type1/public/lm/lmbx10.pfb></usr/share/
texmf/fonts/type1/public/lm/lmbx12.pfb></usr/share/texmf/fonts/type1/public/lm/
lmr10.pfb></usr/share/texmf/fonts/type1/public/lm/lmr12.pfb></usr/share/texmf/f
onts/type1/public/lm/lmr17.pfb></usr/share/texmf/fonts/type1/public/lm/lmr6.pfb
></usr/share/texmf/fonts/type1/public/lm/lmr7.pfb></usr/share/texmf/fonts/type1
/public/lm/lmr8.pfb></usr/share/texmf/fonts/type1/public/lm/lmri10.pfb></usr/sh
are/texmf/fonts/type1/public/lm/lmtt10.pfb></usr/share/texmf/fonts/type1/public
/lm/lmtt8.pfb></usr/share/texmf/fonts/type1/public/lm/lmtti10.pfb>
Output written on Readme.pdf (22 pages, 1071133 bytes).
PDF statistics:
 717 PDF objects out of 1000 (max. 8388607)
 652 compressed objects within 7 object streams
 395 named destinations out of 1000 (max. 500000)
 14520 words of extra memory for PDF output out of 17280 (max. 10000000)

